HOSTNAME=cs603.hpc.nyu.edu
PWD=/scratch/xy3257/castle_poc
USER=xy3257
PYTHON=/scratch/xy3257/castle_poc/venv_compute/bin/python
Python 3.9.21
FFMPEG=/scratch/xy3257/castle_poc/bin/ffmpeg
ffmpeg version 7.0.2-static https://johnvansickle.com/ffmpeg/  Copyright (c) 2000-2024 the FFmpeg developers
built with gcc 8 (Debian 8.3.0-6)
configuration: --enable-gpl --enable-version3 --enable-static --disable-debug --disable-ffplay --disable-indev=sndio --disable-outdev=sndio --cc=gcc --enable-fontconfig --enable-frei0r --enable-gnutls --enable-gmp --enable-libgme --enable-gray --enable-libaom --enable-libfribidi --enable-libass --enable-libvmaf --enable-libfreetype --enable-libmp3lame --enable-libopencore-amrnb --enable-libopencore-amrwb --enable-libopenjpeg --enable-librubberband --enable-libsoxr --enable-libspeex --enable-libsrt --enable-libvorbis --enable-libopus --enable-libtheora --enable-libvidstab --enable-libvo-amrwbenc --enable-libvpx --enable-libwebp --enable-libx264 --enable-libx265 --enable-libxml2 --enable-libdav1d --enable-libxvid --enable-libzvbi --enable-libzimg
dependency check ok
Selected windows: 3
Overview frames extracted: 0/15
CLIP status: DAY1_100500000: CLIP skipped by --skip-clip
Local tracked storage: 0.016 MB
hf_hub_download for videos: NO
Wrote castle_incremental_qa_poc/castle_poc_selected_windows.csv
Wrote castle_incremental_qa_poc/castle_poc_view_annotation.csv
Wrote castle_incremental_qa_poc/castle_self_vs_other_qa_template.csv
Wrote castle_incremental_qa_poc/castle_poc_strawman_view_candidates.csv
Wrote castle_incremental_qa_poc/castle_poc_strawman_metrics.csv
Wrote castle_incremental_qa_poc/castle_incremental_qa_poc_report.txt
