HOSTNAME=cs609.hpc.nyu.edu
PWD=/scratch/xy3257/castle_poc
USER=xy3257
PY=/scratch/xy3257/castle_poc/cenv/bin/python
Python 3.10.20
FF=/scratch/xy3257/castle_poc/cenv/bin/ffmpeg
ffmpeg version 6.1.2 Copyright (c) 2000-2024 the FFmpeg developers
built with gcc 13.3.0 (conda-forge gcc 13.3.0-1)
configuration: --prefix=/scratch/xy3257/castle_poc/cenv --cc=/home/conda/feedstock_root/build_artifacts/ffmpeg_1730671262093/_build_env/bin/x86_64-conda-linux-gnu-cc --cxx=/home/conda/feedstock_root/build_artifacts/ffmpeg_1730671262093/_build_env/bin/x86_64-conda-linux-gnu-c++ --nm=/home/conda/feedstock_root/build_artifacts/ffmpeg_1730671262093/_build_env/bin/x86_64-conda-linux-gnu-nm --ar=/home/conda/feedstock_root/build_artifacts/ffmpeg_1730671262093/_build_env/bin/x86_64-conda-linux-gnu-ar --disable-doc --enable-openssl --enable-demuxer=dash --enable-hardcoded-tables --enable-libfreetype --enable-libharfbuzz --enable-libfontconfig --enable-libopenh264 --enable-libdav1d --disable-gnutls --enable-libmp3lame --enable-libvpx --enable-libass --enable-pthreads --enable-vaapi --enable-libopenvino --enable-gpl --enable-libx264 --enable-libx265 --enable-libaom --enable-libsvtav1 --enable-libxml2 --enable-pic --enable-shared --disable-static --enable-version3 --enable-zlib --enable-libopus --pkg-config=/home/conda/feedstock_root/build_artifacts/ffmpeg_1730671262093/_build_env/bin/pkg-config
Checking required files...
-rwxr-xr-x. 1 xy3257 xy3257 21K May 18 08:22 castle_extract_true_AB_candidates_round2.py
-rw-r--r--. 1 xy3257 xy3257 86K May  5 04:35 castle_main_video_interval_table.csv
-rw-r--r--. 1 xy3257 xy3257 76K May  5 04:47 castle_selected_multiview_windows.csv
-rw-r--r--. 1 xy3257 xy3257 150 May 18 08:26 round2_selected_windows.txt
Compile check...
Running round2 targeted extraction...
Wrote candidate_true_AB_cases_round2.csv
Wrote true_AB_search_summary_round2.md
Output dir: candidate_true_AB_contact_sheets_round2
Candidate windows: 10
Contact sheets generated: 20
Frame extraction ok: 519/519
Local storage MB: 317.322
Done. Outputs:
candidate_true_AB_contact_sheets_round2/focused_AB_round2_R2_001_DAY1_122000000.png
candidate_true_AB_contact_sheets_round2/focused_AB_round2_R2_002_DAY1_124000000.png
candidate_true_AB_contact_sheets_round2/focused_AB_round2_R2_003_DAY2_121500000.png
candidate_true_AB_contact_sheets_round2/focused_AB_round2_R2_004_DAY2_142000000.png
candidate_true_AB_contact_sheets_round2/focused_AB_round2_R2_005_DAY2_164000000.png
candidate_true_AB_contact_sheets_round2/focused_AB_round2_R2_006_DAY2_171500000.png
candidate_true_AB_contact_sheets_round2/focused_AB_round2_R2_007_DAY3_122500000.png
candidate_true_AB_contact_sheets_round2/focused_AB_round2_R2_008_DAY3_131500000.png
candidate_true_AB_contact_sheets_round2/focused_AB_round2_R2_009_DAY4_122000000.png
candidate_true_AB_contact_sheets_round2/focused_AB_round2_R2_010_DAY4_132500000.png
candidate_true_AB_contact_sheets_round2/frames/DAY1_122000000/Allie_122030000.jpg
candidate_true_AB_contact_sheets_round2/frames/DAY1_122000000/Allie_122230000.jpg
candidate_true_AB_contact_sheets_round2/frames/DAY1_122000000/Allie_122430000.jpg
candidate_true_AB_contact_sheets_round2/frames/DAY1_122000000/Bjorn_122030000.jpg
candidate_true_AB_contact_sheets_round2/frames/DAY1_122000000/Bjorn_122230000.jpg
candidate_true_AB_contact_sheets_round2/frames/DAY1_122000000/Bjorn_122430000.jpg
candidate_true_AB_contact_sheets_round2/frames/DAY1_122000000/Cathal_122030000.jpg
candidate_true_AB_contact_sheets_round2/frames/DAY1_122000000/Cathal_122230000.jpg
candidate_true_AB_contact_sheets_round2/frames/DAY1_122000000/Cathal_122430000.jpg
candidate_true_AB_contact_sheets_round2/frames/DAY1_122000000/Florian_122030000.jpg
candidate_true_AB_contact_sheets_round2/frames/DAY1_122000000/Florian_122230000.jpg
candidate_true_AB_contact_sheets_round2/frames/DAY1_122000000/Florian_122430000.jpg
candidate_true_AB_contact_sheets_round2/frames/DAY1_122000000/Kitchen_122030000.jpg
candidate_true_AB_contact_sheets_round2/frames/DAY1_122000000/Kitchen_122230000.jpg
candidate_true_AB_contact_sheets_round2/frames/DAY1_122000000/Kitchen_122430000.jpg
candidate_true_AB_contact_sheets_round2/frames/DAY1_122000000/Klaus_122030000.jpg
candidate_true_AB_contact_sheets_round2/frames/DAY1_122000000/Klaus_122230000.jpg
candidate_true_AB_contact_sheets_round2/frames/DAY1_122000000/Klaus_122430000.jpg
candidate_true_AB_contact_sheets_round2/frames/DAY1_122000000/Living1_122030000.jpg
candidate_true_AB_contact_sheets_round2/frames/DAY1_122000000/Living1_122230000.jpg
candidate_true_AB_contact_sheets_round2/frames/DAY1_122000000/Living1_122430000.jpg
candidate_true_AB_contact_sheets_round2/frames/DAY1_122000000/Living2_122030000.jpg
candidate_true_AB_contact_sheets_round2/frames/DAY1_122000000/Living2_122230000.jpg
candidate_true_AB_contact_sheets_round2/frames/DAY1_122000000/Living2_122430000.jpg
candidate_true_AB_contact_sheets_round2/frames/DAY1_122000000/Luca_122030000.jpg
candidate_true_AB_contact_sheets_round2/frames/DAY1_122000000/Luca_122230000.jpg
candidate_true_AB_contact_sheets_round2/frames/DAY1_122000000/Luca_122430000.jpg
candidate_true_AB_contact_sheets_round2/frames/DAY1_122000000/Meeting_122030000.jpg
candidate_true_AB_contact_sheets_round2/frames/DAY1_122000000/Meeting_122230000.jpg
candidate_true_AB_contact_sheets_round2/frames/DAY1_122000000/Meeting_122430000.jpg
candidate_true_AB_contact_sheets_round2/frames/DAY1_122000000/Onanong_122030000.jpg
candidate_true_AB_contact_sheets_round2/frames/DAY1_122000000/Onanong_122230000.jpg
candidate_true_AB_contact_sheets_round2/frames/DAY1_122000000/Onanong_122430000.jpg
candidate_true_AB_contact_sheets_round2/frames/DAY1_122000000/Reading_122030000.jpg
candidate_true_AB_contact_sheets_round2/frames/DAY1_122000000/Reading_122230000.jpg
candidate_true_AB_contact_sheets_round2/frames/DAY1_122000000/Reading_122430000.jpg
candidate_true_AB_contact_sheets_round2/frames/DAY1_122000000/Stevan_122030000.jpg
candidate_true_AB_contact_sheets_round2/frames/DAY1_122000000/Stevan_122230000.jpg
candidate_true_AB_contact_sheets_round2/frames/DAY1_122000000/Stevan_122430000.jpg
candidate_true_AB_contact_sheets_round2/frames/DAY1_122000000/Tien_122030000.jpg
candidate_true_AB_contact_sheets_round2/frames/DAY1_122000000/Tien_122230000.jpg
candidate_true_AB_contact_sheets_round2/frames/DAY1_122000000/Tien_122430000.jpg
candidate_true_AB_contact_sheets_round2/frames/DAY1_122000000/Werner_122030000.jpg
candidate_true_AB_contact_sheets_round2/frames/DAY1_122000000/Werner_122230000.jpg
candidate_true_AB_contact_sheets_round2/frames/DAY1_122000000/Werner_122430000.jpg
candidate_true_AB_contact_sheets_round2/frames/DAY1_124000000/Allie_124030000.jpg
candidate_true_AB_contact_sheets_round2/frames/DAY1_124000000/Allie_124230000.jpg
candidate_true_AB_contact_sheets_round2/frames/DAY1_124000000/Allie_124430000.jpg
candidate_true_AB_contact_sheets_round2/frames/DAY1_124000000/Bjorn_124030000.jpg
candidate_true_AB_contact_sheets_round2/frames/DAY1_124000000/Bjorn_124230000.jpg
candidate_true_AB_contact_sheets_round2/frames/DAY1_124000000/Bjorn_124430000.jpg
candidate_true_AB_contact_sheets_round2/frames/DAY1_124000000/Cathal_124030000.jpg
candidate_true_AB_contact_sheets_round2/frames/DAY1_124000000/Cathal_124230000.jpg
candidate_true_AB_contact_sheets_round2/frames/DAY1_124000000/Cathal_124430000.jpg
candidate_true_AB_contact_sheets_round2/frames/DAY1_124000000/Florian_124030000.jpg
candidate_true_AB_contact_sheets_round2/frames/DAY1_124000000/Florian_124230000.jpg
candidate_true_AB_contact_sheets_round2/frames/DAY1_124000000/Florian_124430000.jpg
candidate_true_AB_contact_sheets_round2/frames/DAY1_124000000/Kitchen_124030000.jpg
candidate_true_AB_contact_sheets_round2/frames/DAY1_124000000/Kitchen_124230000.jpg
candidate_true_AB_contact_sheets_round2/frames/DAY1_124000000/Kitchen_124430000.jpg
candidate_true_AB_contact_sheets_round2/frames/DAY1_124000000/Klaus_124030000.jpg
candidate_true_AB_contact_sheets_round2/frames/DAY1_124000000/Klaus_124230000.jpg
candidate_true_AB_contact_sheets_round2/frames/DAY1_124000000/Klaus_124430000.jpg
candidate_true_AB_contact_sheets_round2/frames/DAY1_124000000/Living1_124030000.jpg
candidate_true_AB_contact_sheets_round2/frames/DAY1_124000000/Living1_124230000.jpg
candidate_true_AB_contact_sheets_round2/frames/DAY1_124000000/Living1_124430000.jpg
candidate_true_AB_contact_sheets_round2/frames/DAY1_124000000/Living2_124030000.jpg
candidate_true_AB_contact_sheets_round2/frames/DAY1_124000000/Living2_124230000.jpg
candidate_true_AB_contact_sheets_round2/frames/DAY1_124000000/Living2_124430000.jpg
candidate_true_AB_contact_sheets_round2/frames/DAY1_124000000/Luca_124030000.jpg
candidate_true_AB_contact_sheets_round2/frames/DAY1_124000000/Luca_124230000.jpg
candidate_true_AB_contact_sheets_round2/frames/DAY1_124000000/Luca_124430000.jpg
candidate_true_AB_contact_sheets_round2/frames/DAY1_124000000/Meeting_124030000.jpg
candidate_true_AB_contact_sheets_round2/frames/DAY1_124000000/Meeting_124230000.jpg
candidate_true_AB_contact_sheets_round2/frames/DAY1_124000000/Meeting_124430000.jpg
candidate_true_AB_contact_sheets_round2/frames/DAY1_124000000/Onanong_124030000.jpg
candidate_true_AB_contact_sheets_round2/frames/DAY1_124000000/Onanong_124230000.jpg
candidate_true_AB_contact_sheets_round2/frames/DAY1_124000000/Onanong_124430000.jpg
candidate_true_AB_contact_sheets_round2/frames/DAY1_124000000/Reading_124030000.jpg
candidate_true_AB_contact_sheets_round2/frames/DAY1_124000000/Reading_124230000.jpg
candidate_true_AB_contact_sheets_round2/frames/DAY1_124000000/Reading_124430000.jpg
candidate_true_AB_contact_sheets_round2/frames/DAY1_124000000/Stevan_124030000.jpg
candidate_true_AB_contact_sheets_round2/frames/DAY1_124000000/Stevan_124230000.jpg
candidate_true_AB_contact_sheets_round2/frames/DAY1_124000000/Stevan_124430000.jpg
candidate_true_AB_contact_sheets_round2/frames/DAY1_124000000/Tien_124030000.jpg
candidate_true_AB_contact_sheets_round2/frames/DAY1_124000000/Tien_124230000.jpg
candidate_true_AB_contact_sheets_round2/frames/DAY1_124000000/Tien_124430000.jpg
candidate_true_AB_contact_sheets_round2/frames/DAY1_124000000/Werner_124030000.jpg
candidate_true_AB_contact_sheets_round2/frames/DAY1_124000000/Werner_124230000.jpg
candidate_true_AB_contact_sheets_round2/frames/DAY1_124000000/Werner_124430000.jpg
candidate_true_AB_contact_sheets_round2/frames/DAY2_121500000/Bjorn_121530000.jpg
candidate_true_AB_contact_sheets_round2/frames/DAY2_121500000/Bjorn_121730000.jpg
candidate_true_AB_contact_sheets_round2/frames/DAY2_121500000/Bjorn_121930000.jpg
candidate_true_AB_contact_sheets_round2/frames/DAY2_121500000/Cathal_121530000.jpg
candidate_true_AB_contact_sheets_round2/frames/DAY2_121500000/Cathal_121730000.jpg
candidate_true_AB_contact_sheets_round2/frames/DAY2_121500000/Cathal_121930000.jpg
candidate_true_AB_contact_sheets_round2/frames/DAY2_121500000/Florian_121530000.jpg
candidate_true_AB_contact_sheets_round2/frames/DAY2_121500000/Florian_121730000.jpg
candidate_true_AB_contact_sheets_round2/frames/DAY2_121500000/Florian_121930000.jpg
candidate_true_AB_contact_sheets_round2/frames/DAY2_121500000/Kitchen_121530000.jpg
candidate_true_AB_contact_sheets_round2/frames/DAY2_121500000/Kitchen_121730000.jpg
candidate_true_AB_contact_sheets_round2/frames/DAY2_121500000/Kitchen_121930000.jpg
candidate_true_AB_contact_sheets_round2/frames/DAY2_121500000/Klaus_121530000.jpg
candidate_true_AB_contact_sheets_round2/frames/DAY2_121500000/Klaus_121730000.jpg
candidate_true_AB_contact_sheets_round2/frames/DAY2_121500000/Klaus_121930000.jpg
candidate_true_AB_contact_sheets_round2/frames/DAY2_121500000/Living1_121530000.jpg
candidate_true_AB_contact_sheets_round2/frames/DAY2_121500000/Living1_121730000.jpg
candidate_true_AB_contact_sheets_round2/frames/DAY2_121500000/Living1_121930000.jpg
candidate_true_AB_contact_sheets_round2/frames/DAY2_121500000/Living2_121530000.jpg
candidate_true_AB_contact_sheets_round2/frames/DAY2_121500000/Living2_121730000.jpg
candidate_true_AB_contact_sheets_round2/frames/DAY2_121500000/Living2_121930000.jpg
candidate_true_AB_contact_sheets_round2/frames/DAY2_121500000/Luca_121530000.jpg
candidate_true_AB_contact_sheets_round2/frames/DAY2_121500000/Luca_121730000.jpg
candidate_true_AB_contact_sheets_round2/frames/DAY2_121500000/Luca_121930000.jpg
candidate_true_AB_contact_sheets_round2/frames/DAY2_121500000/Meeting_121530000.jpg
candidate_true_AB_contact_sheets_round2/frames/DAY2_121500000/Meeting_121730000.jpg
candidate_true_AB_contact_sheets_round2/frames/DAY2_121500000/Meeting_121930000.jpg
candidate_true_AB_contact_sheets_round2/frames/DAY2_121500000/Onanong_121530000.jpg
candidate_true_AB_contact_sheets_round2/frames/DAY2_121500000/Onanong_121730000.jpg
candidate_true_AB_contact_sheets_round2/frames/DAY2_121500000/Onanong_121930000.jpg
candidate_true_AB_contact_sheets_round2/frames/DAY2_121500000/Reading_121530000.jpg
candidate_true_AB_contact_sheets_round2/frames/DAY2_121500000/Reading_121730000.jpg
candidate_true_AB_contact_sheets_round2/frames/DAY2_121500000/Reading_121930000.jpg
candidate_true_AB_contact_sheets_round2/frames/DAY2_121500000/Tien_121530000.jpg
candidate_true_AB_contact_sheets_round2/frames/DAY2_121500000/Tien_121730000.jpg
candidate_true_AB_contact_sheets_round2/frames/DAY2_121500000/Tien_121930000.jpg
candidate_true_AB_contact_sheets_round2/frames/DAY2_121500000/Werner_121530000.jpg
candidate_true_AB_contact_sheets_round2/frames/DAY2_121500000/Werner_121730000.jpg
candidate_true_AB_contact_sheets_round2/frames/DAY2_121500000/Werner_121930000.jpg
candidate_true_AB_contact_sheets_round2/frames/DAY2_142000000/Allie_142030000.jpg
candidate_true_AB_contact_sheets_round2/frames/DAY2_142000000/Allie_142230000.jpg
candidate_true_AB_contact_sheets_round2/frames/DAY2_142000000/Allie_142430000.jpg
candidate_true_AB_contact_sheets_round2/frames/DAY2_142000000/Bjorn_142030000.jpg
candidate_true_AB_contact_sheets_round2/frames/DAY2_142000000/Bjorn_142230000.jpg
candidate_true_AB_contact_sheets_round2/frames/DAY2_142000000/Bjorn_142430000.jpg
candidate_true_AB_contact_sheets_round2/frames/DAY2_142000000/Cathal_142030000.jpg
candidate_true_AB_contact_sheets_round2/frames/DAY2_142000000/Cathal_142230000.jpg
candidate_true_AB_contact_sheets_round2/frames/DAY2_142000000/Cathal_142430000.jpg
candidate_true_AB_contact_sheets_round2/frames/DAY2_142000000/Florian_142030000.jpg
candidate_true_AB_contact_sheets_round2/frames/DAY2_142000000/Florian_142230000.jpg
candidate_true_AB_contact_sheets_round2/frames/DAY2_142000000/Florian_142430000.jpg
candidate_true_AB_contact_sheets_round2/frames/DAY2_142000000/Kitchen_142030000.jpg
candidate_true_AB_contact_sheets_round2/frames/DAY2_142000000/Kitchen_142230000.jpg
candidate_true_AB_contact_sheets_round2/frames/DAY2_142000000/Kitchen_142430000.jpg
candidate_true_AB_contact_sheets_round2/frames/DAY2_142000000/Klaus_142030000.jpg
candidate_true_AB_contact_sheets_round2/frames/DAY2_142000000/Klaus_142230000.jpg
candidate_true_AB_contact_sheets_round2/frames/DAY2_142000000/Klaus_142430000.jpg
candidate_true_AB_contact_sheets_round2/frames/DAY2_142000000/Living1_142030000.jpg
candidate_true_AB_contact_sheets_round2/frames/DAY2_142000000/Living1_142230000.jpg
candidate_true_AB_contact_sheets_round2/frames/DAY2_142000000/Living1_142430000.jpg
candidate_true_AB_contact_sheets_round2/frames/DAY2_142000000/Living2_142030000.jpg
candidate_true_AB_contact_sheets_round2/frames/DAY2_142000000/Living2_142230000.jpg
candidate_true_AB_contact_sheets_round2/frames/DAY2_142000000/Living2_142430000.jpg
candidate_true_AB_contact_sheets_round2/frames/DAY2_142000000/Luca_142030000.jpg
candidate_true_AB_contact_sheets_round2/frames/DAY2_142000000/Luca_142230000.jpg
candidate_true_AB_contact_sheets_round2/frames/DAY2_142000000/Luca_142430000.jpg
candidate_true_AB_contact_sheets_round2/frames/DAY2_142000000/Meeting_142030000.jpg
candidate_true_AB_contact_sheets_round2/frames/DAY2_142000000/Meeting_142230000.jpg
candidate_true_AB_contact_sheets_round2/frames/DAY2_142000000/Meeting_142430000.jpg
candidate_true_AB_contact_sheets_round2/frames/DAY2_142000000/Onanong_142030000.jpg
candidate_true_AB_contact_sheets_round2/frames/DAY2_142000000/Onanong_142230000.jpg
candidate_true_AB_contact_sheets_round2/frames/DAY2_142000000/Onanong_142430000.jpg
candidate_true_AB_contact_sheets_round2/frames/DAY2_142000000/Reading_142030000.jpg
candidate_true_AB_contact_sheets_round2/frames/DAY2_142000000/Reading_142230000.jpg
candidate_true_AB_contact_sheets_round2/frames/DAY2_142000000/Reading_142430000.jpg
candidate_true_AB_contact_sheets_round2/frames/DAY2_142000000/Tien_142030000.jpg
candidate_true_AB_contact_sheets_round2/frames/DAY2_142000000/Tien_142230000.jpg
candidate_true_AB_contact_sheets_round2/frames/DAY2_142000000/Tien_142430000.jpg
candidate_true_AB_contact_sheets_round2/frames/DAY2_142000000/Werner_142030000.jpg
candidate_true_AB_contact_sheets_round2/frames/DAY2_142000000/Werner_142230000.jpg
candidate_true_AB_contact_sheets_round2/frames/DAY2_142000000/Werner_142430000.jpg
candidate_true_AB_contact_sheets_round2/frames/DAY2_164000000/Allie_164030000.jpg
candidate_true_AB_contact_sheets_round2/frames/DAY2_164000000/Allie_164230000.jpg
candidate_true_AB_contact_sheets_round2/frames/DAY2_164000000/Allie_164430000.jpg
candidate_true_AB_contact_sheets_round2/frames/DAY2_164000000/Bjorn_164030000.jpg
candidate_true_AB_contact_sheets_round2/frames/DAY2_164000000/Bjorn_164230000.jpg
candidate_true_AB_contact_sheets_round2/frames/DAY2_164000000/Bjorn_164430000.jpg
candidate_true_AB_contact_sheets_round2/frames/DAY2_164000000/Cathal_164030000.jpg
candidate_true_AB_contact_sheets_round2/frames/DAY2_164000000/Cathal_164230000.jpg
candidate_true_AB_contact_sheets_round2/frames/DAY2_164000000/Cathal_164430000.jpg
candidate_true_AB_contact_sheets_round2/frames/DAY2_164000000/Florian_164030000.jpg
candidate_true_AB_contact_sheets_round2/frames/DAY2_164000000/Florian_164230000.jpg
candidate_true_AB_contact_sheets_round2/frames/DAY2_164000000/Florian_164430000.jpg
candidate_true_AB_contact_sheets_round2/frames/DAY2_164000000/Kitchen_164030000.jpg
candidate_true_AB_contact_sheets_round2/frames/DAY2_164000000/Kitchen_164230000.jpg
candidate_true_AB_contact_sheets_round2/frames/DAY2_164000000/Kitchen_164430000.jpg
candidate_true_AB_contact_sheets_round2/frames/DAY2_164000000/Klaus_164030000.jpg
candidate_true_AB_contact_sheets_round2/frames/DAY2_164000000/Klaus_164230000.jpg
candidate_true_AB_contact_sheets_round2/frames/DAY2_164000000/Klaus_164430000.jpg
candidate_true_AB_contact_sheets_round2/frames/DAY2_164000000/Living1_164030000.jpg
candidate_true_AB_contact_sheets_round2/frames/DAY2_164000000/Living1_164230000.jpg
candidate_true_AB_contact_sheets_round2/frames/DAY2_164000000/Living1_164430000.jpg
candidate_true_AB_contact_sheets_round2/frames/DAY2_164000000/Living2_164030000.jpg
candidate_true_AB_contact_sheets_round2/frames/DAY2_164000000/Living2_164230000.jpg
candidate_true_AB_contact_sheets_round2/frames/DAY2_164000000/Living2_164430000.jpg
candidate_true_AB_contact_sheets_round2/frames/DAY2_164000000/Luca_164030000.jpg
candidate_true_AB_contact_sheets_round2/frames/DAY2_164000000/Luca_164230000.jpg
candidate_true_AB_contact_sheets_round2/frames/DAY2_164000000/Luca_164430000.jpg
candidate_true_AB_contact_sheets_round2/frames/DAY2_164000000/Meeting_164030000.jpg
candidate_true_AB_contact_sheets_round2/frames/DAY2_164000000/Meeting_164230000.jpg
candidate_true_AB_contact_sheets_round2/frames/DAY2_164000000/Meeting_164430000.jpg
candidate_true_AB_contact_sheets_round2/frames/DAY2_164000000/Onanong_164030000.jpg
candidate_true_AB_contact_sheets_round2/frames/DAY2_164000000/Onanong_164230000.jpg
candidate_true_AB_contact_sheets_round2/frames/DAY2_164000000/Onanong_164430000.jpg
candidate_true_AB_contact_sheets_round2/frames/DAY2_164000000/Reading_164030000.jpg
candidate_true_AB_contact_sheets_round2/frames/DAY2_164000000/Reading_164230000.jpg
candidate_true_AB_contact_sheets_round2/frames/DAY2_164000000/Reading_164430000.jpg
candidate_true_AB_contact_sheets_round2/frames/DAY2_164000000/Werner_164030000.jpg
candidate_true_AB_contact_sheets_round2/frames/DAY2_164000000/Werner_164230000.jpg
candidate_true_AB_contact_sheets_round2/frames/DAY2_164000000/Werner_164430000.jpg
candidate_true_AB_contact_sheets_round2/frames/DAY2_171500000/Bjorn_171530000.jpg
candidate_true_AB_contact_sheets_round2/frames/DAY2_171500000/Bjorn_171730000.jpg
candidate_true_AB_contact_sheets_round2/frames/DAY2_171500000/Bjorn_171930000.jpg
candidate_true_AB_contact_sheets_round2/frames/DAY2_171500000/Cathal_171530000.jpg
candidate_true_AB_contact_sheets_round2/frames/DAY2_171500000/Cathal_171730000.jpg
candidate_true_AB_contact_sheets_round2/frames/DAY2_171500000/Cathal_171930000.jpg
candidate_true_AB_contact_sheets_round2/frames/DAY2_171500000/Florian_171530000.jpg
candidate_true_AB_contact_sheets_round2/frames/DAY2_171500000/Florian_171730000.jpg
candidate_true_AB_contact_sheets_round2/frames/DAY2_171500000/Florian_171930000.jpg
candidate_true_AB_contact_sheets_round2/frames/DAY2_171500000/Kitchen_171530000.jpg
candidate_true_AB_contact_sheets_round2/frames/DAY2_171500000/Kitchen_171730000.jpg
candidate_true_AB_contact_sheets_round2/frames/DAY2_171500000/Kitchen_171930000.jpg
candidate_true_AB_contact_sheets_round2/frames/DAY2_171500000/Klaus_171530000.jpg
candidate_true_AB_contact_sheets_round2/frames/DAY2_171500000/Klaus_171730000.jpg
candidate_true_AB_contact_sheets_round2/frames/DAY2_171500000/Klaus_171930000.jpg
candidate_true_AB_contact_sheets_round2/frames/DAY2_171500000/Living1_171530000.jpg
candidate_true_AB_contact_sheets_round2/frames/DAY2_171500000/Living1_171730000.jpg
candidate_true_AB_contact_sheets_round2/frames/DAY2_171500000/Living1_171930000.jpg
candidate_true_AB_contact_sheets_round2/frames/DAY2_171500000/Living2_171530000.jpg
candidate_true_AB_contact_sheets_round2/frames/DAY2_171500000/Living2_171730000.jpg
candidate_true_AB_contact_sheets_round2/frames/DAY2_171500000/Living2_171930000.jpg
candidate_true_AB_contact_sheets_round2/frames/DAY2_171500000/Luca_171530000.jpg
candidate_true_AB_contact_sheets_round2/frames/DAY2_171500000/Luca_171730000.jpg
candidate_true_AB_contact_sheets_round2/frames/DAY2_171500000/Luca_171930000.jpg
candidate_true_AB_contact_sheets_round2/frames/DAY2_171500000/Meeting_171530000.jpg
candidate_true_AB_contact_sheets_round2/frames/DAY2_171500000/Meeting_171730000.jpg
candidate_true_AB_contact_sheets_round2/frames/DAY2_171500000/Meeting_171930000.jpg
candidate_true_AB_contact_sheets_round2/frames/DAY2_171500000/Onanong_171530000.jpg
candidate_true_AB_contact_sheets_round2/frames/DAY2_171500000/Onanong_171730000.jpg
candidate_true_AB_contact_sheets_round2/frames/DAY2_171500000/Onanong_171930000.jpg
candidate_true_AB_contact_sheets_round2/frames/DAY2_171500000/Reading_171530000.jpg
candidate_true_AB_contact_sheets_round2/frames/DAY2_171500000/Reading_171730000.jpg
candidate_true_AB_contact_sheets_round2/frames/DAY2_171500000/Reading_171930000.jpg
candidate_true_AB_contact_sheets_round2/frames/DAY2_171500000/Stevan_171530000.jpg
candidate_true_AB_contact_sheets_round2/frames/DAY2_171500000/Stevan_171730000.jpg
candidate_true_AB_contact_sheets_round2/frames/DAY2_171500000/Stevan_171930000.jpg
candidate_true_AB_contact_sheets_round2/frames/DAY2_171500000/Werner_171530000.jpg
candidate_true_AB_contact_sheets_round2/frames/DAY2_171500000/Werner_171730000.jpg
candidate_true_AB_contact_sheets_round2/frames/DAY2_171500000/Werner_171930000.jpg
candidate_true_AB_contact_sheets_round2/frames/DAY3_122500000/Allie_122530000.jpg
candidate_true_AB_contact_sheets_round2/frames/DAY3_122500000/Allie_122730000.jpg
candidate_true_AB_contact_sheets_round2/frames/DAY3_122500000/Allie_122930000.jpg
candidate_true_AB_contact_sheets_round2/frames/DAY3_122500000/Bjorn_122530000.jpg
candidate_true_AB_contact_sheets_round2/frames/DAY3_122500000/Bjorn_122730000.jpg
candidate_true_AB_contact_sheets_round2/frames/DAY3_122500000/Bjorn_122930000.jpg
candidate_true_AB_contact_sheets_round2/frames/DAY3_122500000/Cathal_122530000.jpg
candidate_true_AB_contact_sheets_round2/frames/DAY3_122500000/Cathal_122730000.jpg
candidate_true_AB_contact_sheets_round2/frames/DAY3_122500000/Cathal_122930000.jpg
candidate_true_AB_contact_sheets_round2/frames/DAY3_122500000/Florian_122530000.jpg
candidate_true_AB_contact_sheets_round2/frames/DAY3_122500000/Florian_122730000.jpg
candidate_true_AB_contact_sheets_round2/frames/DAY3_122500000/Florian_122930000.jpg
candidate_true_AB_contact_sheets_round2/frames/DAY3_122500000/Kitchen_122530000.jpg
candidate_true_AB_contact_sheets_round2/frames/DAY3_122500000/Kitchen_122730000.jpg
candidate_true_AB_contact_sheets_round2/frames/DAY3_122500000/Kitchen_122930000.jpg
candidate_true_AB_contact_sheets_round2/frames/DAY3_122500000/Klaus_122530000.jpg
candidate_true_AB_contact_sheets_round2/frames/DAY3_122500000/Klaus_122730000.jpg
candidate_true_AB_contact_sheets_round2/frames/DAY3_122500000/Klaus_122930000.jpg
candidate_true_AB_contact_sheets_round2/frames/DAY3_122500000/Living1_122530000.jpg
candidate_true_AB_contact_sheets_round2/frames/DAY3_122500000/Living1_122730000.jpg
candidate_true_AB_contact_sheets_round2/frames/DAY3_122500000/Living1_122930000.jpg
candidate_true_AB_contact_sheets_round2/frames/DAY3_122500000/Living2_122530000.jpg
candidate_true_AB_contact_sheets_round2/frames/DAY3_122500000/Living2_122730000.jpg
candidate_true_AB_contact_sheets_round2/frames/DAY3_122500000/Living2_122930000.jpg
candidate_true_AB_contact_sheets_round2/frames/DAY3_122500000/Luca_122530000.jpg
candidate_true_AB_contact_sheets_round2/frames/DAY3_122500000/Luca_122730000.jpg
candidate_true_AB_contact_sheets_round2/frames/DAY3_122500000/Luca_122930000.jpg
candidate_true_AB_contact_sheets_round2/frames/DAY3_122500000/Meeting_122530000.jpg
candidate_true_AB_contact_sheets_round2/frames/DAY3_122500000/Meeting_122730000.jpg
candidate_true_AB_contact_sheets_round2/frames/DAY3_122500000/Meeting_122930000.jpg
candidate_true_AB_contact_sheets_round2/frames/DAY3_122500000/Onanong_122530000.jpg
candidate_true_AB_contact_sheets_round2/frames/DAY3_122500000/Onanong_122730000.jpg
candidate_true_AB_contact_sheets_round2/frames/DAY3_122500000/Onanong_122930000.jpg
candidate_true_AB_contact_sheets_round2/frames/DAY3_122500000/Reading_122530000.jpg
candidate_true_AB_contact_sheets_round2/frames/DAY3_122500000/Reading_122730000.jpg
candidate_true_AB_contact_sheets_round2/frames/DAY3_122500000/Reading_122930000.jpg
candidate_true_AB_contact_sheets_round2/frames/DAY3_122500000/Stevan_122530000.jpg
candidate_true_AB_contact_sheets_round2/frames/DAY3_122500000/Stevan_122730000.jpg
candidate_true_AB_contact_sheets_round2/frames/DAY3_122500000/Stevan_122930000.jpg
candidate_true_AB_contact_sheets_round2/frames/DAY3_122500000/Tien_122530000.jpg
candidate_true_AB_contact_sheets_round2/frames/DAY3_122500000/Tien_122730000.jpg
-rw-r--r--. 1 xy3257 xy3257  11K May 18 08:42 candidate_true_AB_cases_round2.csv
-rw-r--r--. 1 xy3257 xy3257 1.7K May 18 08:42 true_AB_search_summary_round2.md
318M	candidate_true_AB_contact_sheets_round2
