HOSTNAME=cs711.hpc.nyu.edu
PWD=/scratch/xy3257/castle_poc
URL=https://huggingface.co/datasets/CASTLE-Dataset/CASTLE2024/resolve/main/main/day1/Allie/video/10.mp4

===== MODULE AVAIL FFMPEG =====
No module(s) or extension(s) found!Lmod has detected the following error: Unable to find: "ffmpeg".




===== TYPE -A FFMPEG BEFORE PATH CHANGE =====

===== CANDIDATE BINARIES =====
/scratch/xy3257/castle_poc/bin/ffmpeg

===== CURL RANGE CONTROL TEST =====
http_code=206 size_download=1048576 time_total=0.090369
-rw-r--r--. 1 xy3257 xy3257 1.0M May  9 06:09 debug_ffmpeg_bins/allie_1mb_probe.bin

===== TEST EACH FFMPEG CANDIDATE =====

============================================================
BIN=/scratch/xy3257/castle_poc/bin/ffmpeg
ffmpeg version 7.0.2-static https://johnvansickle.com/ffmpeg/  Copyright (c) 2000-2024 the FFmpeg developers
built with gcc 8 (Debian 8.3.0-6)
configuration: --enable-gpl --enable-version3 --enable-static --disable-debug --disable-ffplay --disable-indev=sndio --disable-outdev=sndio --cc=gcc --enable-fontconfig --enable-frei0r --enable-gnutls --enable-gmp --enable-libgme --enable-gray --enable-libaom --enable-libfribidi --enable-libass --enable-libvmaf --enable-libfreetype --enable-libmp3lame --enable-libopencore-amrnb --enable-libopencore-amrwb --enable-libopenjpeg --enable-librubberband --enable-libsoxr --enable-libspeex --enable-libsrt --enable-libvorbis --enable-libopus --enable-libtheora --enable-libvidstab --enable-libvo-amrwbenc --enable-libvpx --enable-libwebp --enable-libx264 --enable-libx265 --enable-libxml2 --enable-libdav1d --enable-libxvid --enable-libzvbi --enable-libzimg
Running extraction...
RETURN_CODE=139

===== FINAL OUTPUT FILES =====
17909122955822368080   1024 -rw-r--r--   1 xy3257   xy3257    1048576 May  9 06:09 debug_ffmpeg_bins/allie_1mb_probe.bin
