HOSTNAME=cs763.hpc.nyu.edu
PWD=/scratch/xy3257/castle_poc
SYSTEM PYTHON=/scratch/xy3257/castle_poc/venv/bin/python3
Python 3.9.21
VENV PYTHON=/scratch/xy3257/castle_poc/venv_compute/bin/python
Python 3.9.21
Looking in links: /state/partition1/job-8320068/tmpk2huzevv
Requirement already satisfied: setuptools in ./venv_compute/lib/python3.9/site-packages (53.0.0)
Requirement already satisfied: pip in ./venv_compute/lib/python3.9/site-packages (21.3.1)
Requirement already satisfied: pip in ./venv_compute/lib/python3.9/site-packages (21.3.1)
Collecting pip
  Downloading pip-26.0.1-py3-none-any.whl (1.8 MB)
Collecting wheel
  Downloading wheel-0.47.0-py3-none-any.whl (32 kB)
Requirement already satisfied: setuptools in ./venv_compute/lib/python3.9/site-packages (53.0.0)
Collecting setuptools
  Downloading setuptools-82.0.1-py3-none-any.whl (1.0 MB)
Collecting packaging>=24.0
  Downloading packaging-26.2-py3-none-any.whl (100 kB)
Installing collected packages: packaging, wheel, setuptools, pip
  Attempting uninstall: setuptools
    Found existing installation: setuptools 53.0.0
    Uninstalling setuptools-53.0.0:
      Successfully uninstalled setuptools-53.0.0
  Attempting uninstall: pip
    Found existing installation: pip 21.3.1
    Uninstalling pip-21.3.1:
      Successfully uninstalled pip-21.3.1
Successfully installed packaging-26.2 pip-26.0.1 setuptools-82.0.1 wheel-0.47.0
Collecting huggingface_hub
  Downloading huggingface_hub-1.8.0-py3-none-any.whl.metadata (13 kB)
Collecting pandas
  Downloading pandas-2.3.3-cp39-cp39-manylinux_2_24_x86_64.manylinux_2_28_x86_64.whl.metadata (91 kB)
Collecting pillow
  Downloading pillow-11.3.0-cp39-cp39-manylinux_2_27_x86_64.manylinux_2_28_x86_64.whl.metadata (9.0 kB)
Collecting numpy
  Downloading numpy-2.0.2-cp39-cp39-manylinux_2_17_x86_64.manylinux2014_x86_64.whl.metadata (60 kB)
Collecting tqdm
  Downloading tqdm-4.67.3-py3-none-any.whl.metadata (57 kB)
Collecting imageio-ffmpeg
  Downloading imageio_ffmpeg-0.6.0-py3-none-manylinux2014_x86_64.whl.metadata (1.5 kB)
Collecting requests
  Downloading requests-2.32.5-py3-none-any.whl.metadata (4.9 kB)
Collecting filelock>=3.10.0 (from huggingface_hub)
  Downloading filelock-3.19.1-py3-none-any.whl.metadata (2.1 kB)
Collecting fsspec>=2023.5.0 (from huggingface_hub)
  Downloading fsspec-2025.10.0-py3-none-any.whl.metadata (10 kB)
Collecting hf-xet<2.0.0,>=1.4.2 (from huggingface_hub)
  Downloading hf_xet-1.5.0-cp37-abi3-manylinux2014_x86_64.manylinux_2_17_x86_64.whl.metadata (4.9 kB)
Collecting httpx<1,>=0.23.0 (from huggingface_hub)
  Downloading httpx-0.28.1-py3-none-any.whl.metadata (7.1 kB)
Requirement already satisfied: packaging>=20.9 in ./venv_compute/lib/python3.9/site-packages (from huggingface_hub) (26.2)
Collecting pyyaml>=5.1 (from huggingface_hub)
  Downloading pyyaml-6.0.3-cp39-cp39-manylinux2014_x86_64.manylinux_2_17_x86_64.manylinux_2_28_x86_64.whl.metadata (2.4 kB)
Collecting typer (from huggingface_hub)
  Downloading typer-0.23.2-py3-none-any.whl.metadata (16 kB)
Collecting typing-extensions>=4.1.0 (from huggingface_hub)
  Downloading typing_extensions-4.15.0-py3-none-any.whl.metadata (3.3 kB)
Collecting anyio (from httpx<1,>=0.23.0->huggingface_hub)
  Downloading anyio-4.12.1-py3-none-any.whl.metadata (4.3 kB)
Collecting certifi (from httpx<1,>=0.23.0->huggingface_hub)
  Downloading certifi-2026.4.22-py3-none-any.whl.metadata (2.5 kB)
Collecting httpcore==1.* (from httpx<1,>=0.23.0->huggingface_hub)
  Downloading httpcore-1.0.9-py3-none-any.whl.metadata (21 kB)
Collecting idna (from httpx<1,>=0.23.0->huggingface_hub)
  Downloading idna-3.13-py3-none-any.whl.metadata (8.0 kB)
Collecting h11>=0.16 (from httpcore==1.*->httpx<1,>=0.23.0->huggingface_hub)
  Downloading h11-0.16.0-py3-none-any.whl.metadata (8.3 kB)
Collecting python-dateutil>=2.8.2 (from pandas)
  Downloading python_dateutil-2.9.0.post0-py2.py3-none-any.whl.metadata (8.4 kB)
Collecting pytz>=2020.1 (from pandas)
  Downloading pytz-2026.2-py2.py3-none-any.whl.metadata (22 kB)
Collecting tzdata>=2022.7 (from pandas)
  Downloading tzdata-2026.2-py2.py3-none-any.whl.metadata (1.4 kB)
Collecting charset_normalizer<4,>=2 (from requests)
  Downloading charset_normalizer-3.4.7-cp39-cp39-manylinux2014_x86_64.manylinux_2_17_x86_64.manylinux_2_28_x86_64.whl.metadata (40 kB)
Collecting urllib3<3,>=1.21.1 (from requests)
  Downloading urllib3-2.6.3-py3-none-any.whl.metadata (6.9 kB)
Collecting six>=1.5 (from python-dateutil>=2.8.2->pandas)
  Downloading six-1.17.0-py2.py3-none-any.whl.metadata (1.7 kB)
Collecting exceptiongroup>=1.0.2 (from anyio->httpx<1,>=0.23.0->huggingface_hub)
  Downloading exceptiongroup-1.3.1-py3-none-any.whl.metadata (6.7 kB)
Collecting click>=8.0.0 (from typer->huggingface_hub)
  Downloading click-8.1.8-py3-none-any.whl.metadata (2.3 kB)
Collecting shellingham>=1.3.0 (from typer->huggingface_hub)
  Downloading shellingham-1.5.4-py2.py3-none-any.whl.metadata (3.5 kB)
Collecting rich>=12.3.0 (from typer->huggingface_hub)
  Downloading rich-15.0.0-py3-none-any.whl.metadata (18 kB)
Collecting annotated-doc>=0.0.2 (from typer->huggingface_hub)
  Downloading annotated_doc-0.0.4-py3-none-any.whl.metadata (6.6 kB)
Collecting markdown-it-py>=2.2.0 (from rich>=12.3.0->typer->huggingface_hub)
  Downloading markdown_it_py-3.0.0-py3-none-any.whl.metadata (6.9 kB)
Collecting pygments<3.0.0,>=2.13.0 (from rich>=12.3.0->typer->huggingface_hub)
  Downloading pygments-2.20.0-py3-none-any.whl.metadata (2.5 kB)
Collecting mdurl~=0.1 (from markdown-it-py>=2.2.0->rich>=12.3.0->typer->huggingface_hub)
  Downloading mdurl-0.1.2-py3-none-any.whl.metadata (1.6 kB)
Downloading huggingface_hub-1.8.0-py3-none-any.whl (625 kB)
   ━━━━━━━━━━━━━━━━━━━━━━━━━━━━━━━━━━━━━━━━ 625.2/625.2 kB 362.3 MB/s  0:00:00
Downloading hf_xet-1.5.0-cp37-abi3-manylinux2014_x86_64.manylinux_2_17_x86_64.whl (4.5 MB)
   ━━━━━━━━━━━━━━━━━━━━━━━━━━━━━━━━━━━━━━━━ 4.5/4.5 MB 138.5 MB/s  0:00:00
Downloading httpx-0.28.1-py3-none-any.whl (73 kB)
Downloading httpcore-1.0.9-py3-none-any.whl (78 kB)
Downloading pandas-2.3.3-cp39-cp39-manylinux_2_24_x86_64.manylinux_2_28_x86_64.whl (12.8 MB)
   ━━━━━━━━━━━━━━━━━━━━━━━━━━━━━━━━━━━━━━━━ 12.8/12.8 MB 50.2 MB/s  0:00:00
Downloading pillow-11.3.0-cp39-cp39-manylinux_2_27_x86_64.manylinux_2_28_x86_64.whl (6.6 MB)
   ━━━━━━━━━━━━━━━━━━━━━━━━━━━━━━━━━━━━━━━━ 6.6/6.6 MB 46.3 MB/s  0:00:00
Downloading numpy-2.0.2-cp39-cp39-manylinux_2_17_x86_64.manylinux2014_x86_64.whl (19.5 MB)
   ━━━━━━━━━━━━━━━━━━━━━━━━━━━━━━━━━━━━━━━━ 19.5/19.5 MB 32.8 MB/s  0:00:00
Downloading tqdm-4.67.3-py3-none-any.whl (78 kB)
Downloading imageio_ffmpeg-0.6.0-py3-none-manylinux2014_x86_64.whl (29.5 MB)
   ━━━━━━━━━━━━━━━━━━━━━━━━━━━━━━━━━━━━━━━━ 29.5/29.5 MB 49.0 MB/s  0:00:00
Downloading requests-2.32.5-py3-none-any.whl (64 kB)
Downloading charset_normalizer-3.4.7-cp39-cp39-manylinux2014_x86_64.manylinux_2_17_x86_64.manylinux_2_28_x86_64.whl (208 kB)
Downloading idna-3.13-py3-none-any.whl (68 kB)
Downloading urllib3-2.6.3-py3-none-any.whl (131 kB)
Downloading certifi-2026.4.22-py3-none-any.whl (135 kB)
Downloading filelock-3.19.1-py3-none-any.whl (15 kB)
Downloading fsspec-2025.10.0-py3-none-any.whl (200 kB)
Downloading h11-0.16.0-py3-none-any.whl (37 kB)
Downloading python_dateutil-2.9.0.post0-py2.py3-none-any.whl (229 kB)
Downloading pytz-2026.2-py2.py3-none-any.whl (510 kB)
Downloading pyyaml-6.0.3-cp39-cp39-manylinux2014_x86_64.manylinux_2_17_x86_64.manylinux_2_28_x86_64.whl (750 kB)
   ━━━━━━━━━━━━━━━━━━━━━━━━━━━━━━━━━━━━━━━━ 750.8/750.8 kB 58.7 MB/s  0:00:00
Downloading six-1.17.0-py2.py3-none-any.whl (11 kB)
Downloading typing_extensions-4.15.0-py3-none-any.whl (44 kB)
Downloading tzdata-2026.2-py2.py3-none-any.whl (349 kB)
Downloading anyio-4.12.1-py3-none-any.whl (113 kB)
Downloading exceptiongroup-1.3.1-py3-none-any.whl (16 kB)
Downloading typer-0.23.2-py3-none-any.whl (56 kB)
Downloading annotated_doc-0.0.4-py3-none-any.whl (5.3 kB)
Downloading click-8.1.8-py3-none-any.whl (98 kB)
Downloading rich-15.0.0-py3-none-any.whl (310 kB)
Downloading pygments-2.20.0-py3-none-any.whl (1.2 MB)
   ━━━━━━━━━━━━━━━━━━━━━━━━━━━━━━━━━━━━━━━━ 1.2/1.2 MB 57.1 MB/s  0:00:00
Downloading markdown_it_py-3.0.0-py3-none-any.whl (87 kB)
Downloading mdurl-0.1.2-py3-none-any.whl (10.0 kB)
Downloading shellingham-1.5.4-py2.py3-none-any.whl (9.8 kB)
Installing collected packages: pytz, urllib3, tzdata, typing-extensions, tqdm, six, shellingham, pyyaml, pygments, pillow, numpy, mdurl, imageio-ffmpeg, idna, hf-xet, h11, fsspec, filelock, click, charset_normalizer, certifi, annotated-doc, requests, python-dateutil, markdown-it-py, httpcore, exceptiongroup, rich, pandas, anyio, typer, httpx, huggingface_hub

Successfully installed annotated-doc-0.0.4 anyio-4.12.1 certifi-2026.4.22 charset_normalizer-3.4.7 click-8.1.8 exceptiongroup-1.3.1 filelock-3.19.1 fsspec-2025.10.0 h11-0.16.0 hf-xet-1.5.0 httpcore-1.0.9 httpx-0.28.1 huggingface_hub-1.8.0 idna-3.13 imageio-ffmpeg-0.6.0 markdown-it-py-3.0.0 mdurl-0.1.2 numpy-2.0.2 pandas-2.3.3 pillow-11.3.0 pygments-2.20.0 python-dateutil-2.9.0.post0 pytz-2026.2 pyyaml-6.0.3 requests-2.32.5 rich-15.0.0 shellingham-1.5.4 six-1.17.0 tqdm-4.67.3 typer-0.23.2 typing-extensions-4.15.0 tzdata-2026.2 urllib3-2.6.3
dependency check ok
ffmpeg: /scratch/xy3257/castle_poc/venv_compute/lib64/python3.9/site-packages/imageio_ffmpeg/binaries/ffmpeg-linux-x86_64-v7.0.2
